# JRE version: OpenJDK Runtime Environment Temurin-17.0.1+12 (17.0.1+12) (build 17.0.1+12)
# Java VM: OpenJDK 64-Bit Server VM Temurin-17.0.1+12 (17.0.1+12, mixed mode, emulated-client, tiered, compressed oops, compressed class ptrs, g1 gc, windows-amd64)
GC Precious Log:
 CPUs: 8 total, 8 available
 Memory: 16301M
 Large Page Support: Disabled
 NUMA Support: Disabled
 Compressed Oops: Enabled (Zero based)
 Heap Region Size: 2M
 Heap Min Capacity: 8M
 Heap Initial Capacity: 256M
 Heap Max Capacity: 4076M
 Pre-touch: Disabled
 Parallel Workers: 8
 Concurrent Workers: 2
 Concurrent Refinement Workers: 8
 Periodic GC: Disabled
Heap:
 garbage-first heap   total 159744K, used 53241K [0x0000000701400000, 0x0000000800000000)
  region size 2048K, 19 young (38912K), 1 survivors (2048K)
 Metaspace       used 46551K, committed 47040K, reserved 1097728K
  class space    used 5730K, committed 5952K, reserved 1048576K
GC Heap History (20 events):
Event: 69.842 GC heap before
{Heap before GC invocations=26 (full 0):
 garbage-first heap   total 159744K, used 107023K [0x0000000701400000, 0x0000000800000000)
  region size 2048K, 46 young (94208K), 3 survivors (6144K)
 Metaspace       used 46534K, committed 47040K, reserved 1097728K
  class space    used 5730K, committed 5952K, reserved 1048576K
}
Event: 69.847 GC heap after
{Heap after GC invocations=27 (full 0):
 garbage-first heap   total 159744K, used 18590K [0x0000000701400000, 0x0000000800000000)
  region size 2048K, 3 young (6144K), 3 survivors (6144K)
 Metaspace       used 46534K, committed 47040K, reserved 1097728K
  class space    used 5730K, committed 5952K, reserved 1048576K
}
Event: 74.053 GC heap before
{Heap before GC invocations=27 (full 0):
 garbage-first heap   total 159744K, used 106654K [0x0000000701400000, 0x0000000800000000)
  region size 2048K, 46 young (94208K), 3 survivors (6144K)
 Metaspace       used 46534K, committed 47040K, reserved 1097728K
  class space    used 5730K, committed 5952K, reserved 1048576K
}
Event: 74.056 GC heap after
{Heap after GC invocations=28 (full 0):
 garbage-first heap   total 159744K, used 19003K [0x0000000701400000, 0x0000000800000000)
  region size 2048K, 2 young (4096K), 2 survivors (4096K)
 Metaspace       used 46534K, committed 47040K, reserved 1097728K
  class space    used 5730K, committed 5952K, reserved 1048576K
}
Event: 87.289 GC heap before
{Heap before GC invocations=28 (full 0):
 garbage-first heap   total 159744K, used 109115K [0x0000000701400000, 0x0000000800000000)
  region size 2048K, 46 young (94208K), 2 survivors (4096K)
 Metaspace       used 46534K, committed 47040K, reserved 1097728K
  class space    used 5730K, committed 5952K, reserved 1048576K
}
Event: 87.293 GC heap after
{Heap after GC invocations=29 (full 0):
 garbage-first heap   total 159744K, used 18653K [0x0000000701400000, 0x0000000800000000)
  region size 2048K, 1 young (2048K), 1 survivors (2048K)
 Metaspace       used 46534K, committed 47040K, reserved 1097728K
  class space    used 5730K, committed 5952K, reserved 1048576K
}
Event: 91.883 GC heap before
{Heap before GC invocations=29 (full 0):
 garbage-first heap   total 159744K, used 110813K [0x0000000701400000, 0x0000000800000000)
  region size 2048K, 46 young (94208K), 1 survivors (2048K)
 Metaspace       used 46534K, committed 47040K, reserved 1097728K
  class space    used 5730K, committed 5952K, reserved 1048576K
}
Event: 91.885 GC heap after
{Heap after GC invocations=30 (full 0):
 garbage-first heap   total 159744K, used 18509K [0x0000000701400000, 0x0000000800000000)
  region size 2048K, 1 young (2048K), 1 survivors (2048K)
 Metaspace       used 46534K, committed 47040K, reserved 1097728K
  class space    used 5730K, committed 5952K, reserved 1048576K
}
Event: 95.992 GC heap before
{Heap before GC invocations=30 (full 0):
 garbage-first heap   total 159744K, used 110669K [0x0000000701400000, 0x0000000800000000)
  region size 2048K, 46 young (94208K), 1 survivors (2048K)
 Metaspace       used 46535K, committed 47040K, reserved 1097728K
  class space    used 5730K, committed 5952K, reserved 1048576K
}
Event: 95.994 GC heap after
{Heap after GC invocations=31 (full 0):
 garbage-first heap   total 159744K, used 18944K [0x0000000701400000, 0x0000000800000000)
  region size 2048K, 1 young (2048K), 1 survivors (2048K)
 Metaspace       used 46535K, committed 47040K, reserved 1097728K
  class space    used 5730K, committed 5952K, reserved 1048576K
}
Event: 100.693 GC heap before
{Heap before GC invocations=31 (full 0):
 garbage-first heap   total 159744K, used 111104K [0x0000000701400000, 0x0000000800000000)
  region size 2048K, 46 young (94208K), 1 survivors (2048K)
 Metaspace       used 46535K, committed 47040K, reserved 1097728K
  class space    used 5730K, committed 5952K, reserved 1048576K
}
Event: 100.696 GC heap after
{Heap after GC invocations=32 (full 0):
 garbage-first heap   total 159744K, used 19184K [0x0000000701400000, 0x0000000800000000)
  region size 2048K, 1 young (2048K), 1 survivors (2048K)
 Metaspace       used 46535K, committed 47040K, reserved 1097728K
  class space    used 5730K, committed 5952K, reserved 1048576K
}
Event: 105.448 GC heap before
{Heap before GC invocations=32 (full 0):
 garbage-first heap   total 159744K, used 111344K [0x0000000701400000, 0x0000000800000000)
  region size 2048K, 46 young (94208K), 1 survivors (2048K)
 Metaspace       used 46535K, committed 47040K, reserved 1097728K
  class space    used 5730K, committed 5952K, reserved 1048576K
}
Event: 105.450 GC heap after
{Heap after GC invocations=33 (full 0):
 garbage-first heap   total 159744K, used 18629K [0x0000000701400000, 0x0000000800000000)
  region size 2048K, 1 young (2048K), 1 survivors (2048K)
 Metaspace       used 46535K, committed 47040K, reserved 1097728K
  class space    used 5730K, committed 5952K, reserved 1048576K
}
Event: 110.252 GC heap before
{Heap before GC invocations=33 (full 0):
 garbage-first heap   total 159744K, used 110789K [0x0000000701400000, 0x0000000800000000)
  region size 2048K, 46 young (94208K), 1 survivors (2048K)
 Metaspace       used 46535K, committed 47040K, reserved 1097728K
  class space    used 5730K, committed 5952K, reserved 1048576K
}
Event: 110.253 GC heap after
{Heap after GC invocations=34 (full 0):
 garbage-first heap   total 159744K, used 18545K [0x0000000701400000, 0x0000000800000000)
  region size 2048K, 1 young (2048K), 1 survivors (2048K)
 Metaspace       used 46535K, committed 47040K, reserved 1097728K
  class space    used 5730K, committed 5952K, reserved 1048576K
}
Event: 115.007 GC heap before
{Heap before GC invocations=34 (full 0):
 garbage-first heap   total 159744K, used 110705K [0x0000000701400000, 0x0000000800000000)
  region size 2048K, 46 young (94208K), 1 survivors (2048K)
 Metaspace       used 46535K, committed 47040K, reserved 1097728K
  class space    used 5730K, committed 5952K, reserved 1048576K
}
Event: 115.009 GC heap after
{Heap after GC invocations=35 (full 0):
 garbage-first heap   total 159744K, used 18476K [0x0000000701400000, 0x0000000800000000)
  region size 2048K, 1 young (2048K), 1 survivors (2048K)
 Metaspace       used 46535K, committed 47040K, reserved 1097728K
  class space    used 5730K, committed 5952K, reserved 1048576K
}
Event: 119.609 GC heap before
{Heap before GC invocations=35 (full 0):
 garbage-first heap   total 159744K, used 110636K [0x0000000701400000, 0x0000000800000000)
  region size 2048K, 46 young (94208K), 1 survivors (2048K)
 Metaspace       used 46535K, committed 47040K, reserved 1097728K
  class space    used 5730K, committed 5952K, reserved 1048576K
}
Event: 119.611 GC heap after
{Heap after GC invocations=36 (full 0):
 garbage-first heap   total 159744K, used 18425K [0x0000000701400000, 0x0000000800000000)
  region size 2048K, 1 young (2048K), 1 survivors (2048K)
 Metaspace       used 46535K, committed 47040K, reserved 1097728K
  class space    used 5730K, committed 5952K, reserved 1048576K
}

